<?xml version="1.0" encoding="UTF-8"?>
<!-- Generated by org.testng.reporters.JUnitReportReporter -->
<testsuite hostname="manosikannan" failures="0" tests="2" name="testCases.TC002_LoginTest" time="13.818" errors="0" timestamp="2024-08-19T11:11:43 EDT" skipped="0">
  <testcase classname="testCases.TC002_LoginTest" name="verify_login" time="6.777"/>
  <testcase classname="testCases.TC002_LoginTest" name="verify_login" time="7.041"/>
</testsuite> <!-- testCases.TC002_LoginTest -->
