<?xml version="1.0" encoding="UTF-8"?>
<!-- Generated by org.testng.reporters.JUnitReportReporter -->
<testsuite hostname="manosikannan" failures="0" tests="1" name="testCases.TC001_AccountRegistrationTest" time="3.866" errors="0" timestamp="2024-08-19T11:11:43 EDT" skipped="0">
  <testcase classname="testCases.TC001_AccountRegistrationTest" name="verify_account_registration" time="3.866"/>
</testsuite> <!-- testCases.TC001_AccountRegistrationTest -->
